<?xml version="1.0" encoding="UTF-8"?>
<testng-results skipped="0" failed="1" ignored="3" total="4" passed="0">
  <reporter-output>
    <line>
      <![CDATA[Unable to create a post]]>
    </line>
  </reporter-output>
  <suite name="Suite" duration-ms="265238" started-at="2019-02-22T15:05:44Z" finished-at="2019-02-22T15:10:09Z">
    <groups>
    </groups>
    <test name="Test" duration-ms="265238" started-at="2019-02-22T15:05:44Z" finished-at="2019-02-22T15:10:09Z">
      <class name="com.infosys.MYUHCapplication.basetest.BaseTest">
        <test-method status="PASS" signature="DbConnection()[pri:0, instance:com.infosys.MYUHCapplication.basetest.BaseTest@1c62251]" name="DbConnection" is-config="true" duration-ms="23" started-at="2019-02-22T15:05:44Z" finished-at="2019-02-22T15:05:44Z">
          <reporter-output>
          </reporter-output>
        </test-method> <!-- DbConnection -->
        <test-method status="PASS" signature="browserlaunch(java.lang.String)[pri:0, instance:com.infosys.MYUHCapplication.basetest.BaseTest@1c62251]" name="browserlaunch" is-config="true" duration-ms="12873" started-at="2019-02-22T15:05:44Z" finished-at="2019-02-22T15:05:57Z">
          <params>
            <param index="0">
              <value>
                <![CDATA[chrome]]>
              </value>
            </param>
          </params>
          <reporter-output>
          </reporter-output>
        </test-method> <!-- browserlaunch -->
        <test-method status="FAIL" signature="thirdTestcase()[pri:0, instance:com.infosys.MYUHCapplication.basetest.BaseTest@1c62251]" name="thirdTestcase" duration-ms="242572" started-at="2019-02-22T15:05:57Z" finished-at="2019-02-22T15:09:59Z">
          <exception class="java.lang.AssertionError">
            <message>
              <![CDATA[null]]>
            </message>
            <full-stacktrace>
              <![CDATA[java.lang.AssertionError: null
at org.testng.Assert.fail(Assert.java:96)
at org.testng.Assert.fail(Assert.java:103)
at com.infosys.MYUHCapplication.pageobjects.PageCreatePost.EnterTextinCreatePostBox(PageCreatePost.java:62)
at com.infosys.MYUHCapplication.basetest.BaseTest.thirdTestcase(BaseTest.java:63)
at sun.reflect.NativeMethodAccessorImpl.invoke0(Native Method)
at sun.reflect.NativeMethodAccessorImpl.invoke(Unknown Source)
at sun.reflect.DelegatingMethodAccessorImpl.invoke(Unknown Source)
at java.lang.reflect.Method.invoke(Unknown Source)
at org.testng.internal.MethodInvocationHelper.invokeMethod(MethodInvocationHelper.java:124)
at org.testng.internal.Invoker.invokeMethod(Invoker.java:580)
at org.testng.internal.Invoker.invokeTestMethod(Invoker.java:716)
at org.testng.internal.Invoker.invokeTestMethods(Invoker.java:988)
at org.testng.internal.TestMethodWorker.invokeTestMethods(TestMethodWorker.java:125)
at org.testng.internal.TestMethodWorker.run(TestMethodWorker.java:109)
at org.testng.TestRunner.privateRun(TestRunner.java:648)
at org.testng.TestRunner.run(TestRunner.java:505)
at org.testng.SuiteRunner.runTest(SuiteRunner.java:455)
at org.testng.SuiteRunner.runSequentially(SuiteRunner.java:450)
at org.testng.SuiteRunner.privateRun(SuiteRunner.java:415)
at org.testng.SuiteRunner.run(SuiteRunner.java:364)
at org.testng.SuiteRunnerWorker.runSuite(SuiteRunnerWorker.java:52)
at org.testng.SuiteRunnerWorker.run(SuiteRunnerWorker.java:84)
at org.testng.TestNG.runSuitesSequentially(TestNG.java:1208)
at org.testng.TestNG.runSuitesLocally(TestNG.java:1137)
at org.testng.TestNG.runSuites(TestNG.java:1049)
at org.testng.TestNG.run(TestNG.java:1017)
at org.testng.remote.AbstractRemoteTestNG.run(AbstractRemoteTestNG.java:114)
at org.testng.remote.RemoteTestNG.initAndRun(RemoteTestNG.java:251)
at org.testng.remote.RemoteTestNG.main(RemoteTestNG.java:77)
]]>
            </full-stacktrace>
          </exception> <!-- java.lang.AssertionError -->
          <reporter-output>
            <line>
              <![CDATA[Unable to create a post]]>
            </line>
          </reporter-output>
        </test-method> <!-- thirdTestcase -->
        <test-method status="PASS" signature="browserclose()[pri:0, instance:com.infosys.MYUHCapplication.basetest.BaseTest@1c62251]" name="browserclose" is-config="true" duration-ms="9677" started-at="2019-02-22T15:09:59Z" finished-at="2019-02-22T15:10:09Z">
          <reporter-output>
          </reporter-output>
        </test-method> <!-- browserclose -->
      </class> <!-- com.infosys.MYUHCapplication.basetest.BaseTest -->
    </test> <!-- Test -->
  </suite> <!-- Suite -->
</testng-results>
